<?xml version="1.0" encoding="UTF-8"?>
<!-- Generated by org.testng.reporters.JUnitXMLReporter -->
<testsuite hostname="Anusha" ignored="0" name="Chrome Test" tests="1" failures="0" timestamp="12 Sep 2018 05:56:46 GMT" time="0.241" errors="0">
  <testcase name="@BeforeTest preLaunchActivities" time="0.175" classname="ShipRocket.SR.LoginTest">
    <failure type="java.lang.IllegalStateException" message="The driver executable does not exist: D:\Anusha\Anusha\selenium\SR\resources\exe\chromedriver.exe">
      <![CDATA[java.lang.IllegalStateException: The driver executable does not exist: D:\Anusha\Anusha\selenium\SR\resources\exe\chromedriver.exe
	at com.google.common.base.Preconditions.checkState(Preconditions.java:518)
	at org.openqa.selenium.remote.service.DriverService.checkExecutable(DriverService.java:136)
	at org.openqa.selenium.remote.service.DriverService.findExecutable(DriverService.java:131)
	at org.openqa.selenium.chrome.ChromeDriverService.access$000(ChromeDriverService.java:32)
	at org.openqa.selenium.chrome.ChromeDriverService$Builder.findDefaultExecutable(ChromeDriverService.java:137)
	at org.openqa.selenium.remote.service.DriverService$Builder.build(DriverService.java:330)
	at org.openqa.selenium.chrome.ChromeDriverService.createDefaultService(ChromeDriverService.java:88)
	at org.openqa.selenium.chrome.ChromeDriver.<init>(ChromeDriver.java:158)
	at ShipRocket.SR.Utils.launchBrowser(Utils.java:22)
	at ShipRocket.SR.LoginTest.preLaunchActivities(LoginTest.java:19)
	at java.util.concurrent.FutureTask.run(Unknown Source)
	at java.util.concurrent.ThreadPoolExecutor.runWorker(Unknown Source)
	at java.util.concurrent.ThreadPoolExecutor$Worker.run(Unknown Source)
	at java.lang.Thread.run(Unknown Source)
... Removed 14 stack frames]]>
    </failure>
  </testcase> <!-- @BeforeTest preLaunchActivities -->
  <testcase name="login_verify" time="0.0" classname="ShipRocket.SR.LoginTest">
    <skipped/>
  </testcase> <!-- login_verify -->
</testsuite> <!-- Chrome Test -->
